<?xml version="1.0" encoding="UTF-8"?>
<!-- Generated by org.testng.reporters.JUnitXMLReporter -->
<testsuite ignored="0" hostname="DESKTOP-FVLP2TF" failures="0" tests="3" name="Cross Browser Testing" time="18.28" errors="0" timestamp="2025-07-07T13:26:04 IST">
  <testcase classname="Docker.DockerwithChrome" name="runchrome" time="11.702"/>
  <testcase classname="Docker.DockerwithEdge" name="runEdge" time="11.281"/>
  <testcase classname="Docker.DockerwithFirefox" name="runfirefox" time="4.921"/>
</testsuite> <!-- Cross Browser Testing -->
